<?xml version="1.0" encoding="UTF-8"?>
<testng-results skipped="0" failed="0" total="1" passed="1">
  <reporter-output>
  </reporter-output>
  <suite name="Default suite" duration-ms="71380" started-at="2022-04-22T12:34:48Z" finished-at="2022-04-22T12:35:59Z">
    <groups>
    </groups>
    <test name="Default test" duration-ms="71380" started-at="2022-04-22T12:34:48Z" finished-at="2022-04-22T12:35:59Z">
      <class name="PatientManagement.CheckPatientIndashboard">
        <test-method status="PASS" signature="CheckPatientIndashboard()[pri:0, instance:PatientManagement.CheckPatientIndashboard@1b2abca6]" name="CheckPatientIndashboard" duration-ms="71345" started-at="2022-04-22T18:04:48Z" finished-at="2022-04-22T18:05:59Z">
          <reporter-output>
          </reporter-output>
        </test-method> <!-- CheckPatientIndashboard -->
      </class> <!-- PatientManagement.CheckPatientIndashboard -->
    </test> <!-- Default test -->
  </suite> <!-- Default suite -->
</testng-results>
